--- Copying files at Fri May 23 10:41:50 UTC 2025
INSTALLED plugins/workflow-basic-steps.jpi : 1079.vce64b_a_929c5a_
INSTALLED plugins/pipeline-stage-step.jpi : 322.vecffa_99f371c
INSTALLED plugins/variant.jpi : 70.va_d9f17f859e0
INSTALLED plugins/structs.jpi : 343.vdcf37b_a_c81d5
INSTALLED plugins/jackson2-api.jpi : 2.19.0-404.vb_b_0fd2fea_e10
INSTALLED plugins/workflow-support.jpi : 968.v8f17397e87b_8
INSTALLED plugins/snakeyaml-api.jpi : 2.3-125.v4d77857a_b_402
INSTALLED plugins/mina-sshd-api-core.jpi : 2.15.0-161.vb_200831a_c15b_
INSTALLED plugins/apache-httpcomponents-client-4-api.jpi : 4.5.14-269.vfa_2321039a_83
INSTALLED plugins/pipeline-input-step.jpi : 517.vf8e782ee645c
INSTALLED plugins/json-api.jpi : 20250107-125.v28b_a_ffa_eb_f01
INSTALLED plugins/pipeline-model-definition.jpi : 2.2255.v56a_15e805f12
INSTALLED plugins/scm-api.jpi : 704.v3ce5c542825a_
INSTALLED plugins/bouncycastle-api.jpi : 2.30.1.80-261.v00c0e2618ec3
INSTALLED plugins/branch-api.jpi : 2.1217.v43d8b_b_d8b_2c7
INSTALLED plugins/joda-time-api.jpi : 2.14.0-127.v7d9da_295a_d51
INSTALLED plugins/cloudbees-folder.jpi : 6.1012.v79a_86a_1ea_c1f
INSTALLED plugins/script-security.jpi : 1373.vb_b_4a_a_c26fa_00
INSTALLED plugins/credentials.jpi : 1415.v831096eb_5534
INSTALLED plugins/plain-credentials.jpi : 195.vb_906e9073dee
INSTALLED plugins/pipeline-milestone-step.jpi : 138.v78ca_76831a_43
INSTALLED plugins/pipeline-build-step.jpi : 567.vea_ce550ece97
INSTALLED plugins/instance-identity.jpi : 203.v15e81a_1b_7a_38
INSTALLED plugins/workflow-scm-step.jpi : 437.v05a_f66b_e5ef8
INSTALLED plugins/display-url-api.jpi : 2.209.v582ed814ff2f
INSTALLED plugins/credentials-binding.jpi : 687.v619cb_15e923f
INSTALLED plugins/ionicons-api.jpi : 88.va_4187cb_eddf1
INSTALLED plugins/workflow-api.jpi : 1373.v7b_813f10efa_b_
INSTALLED plugins/workflow-durable-task-step.jpi : 1405.v1fcd4a_d00096
INSTALLED plugins/workflow-multibranch.jpi : 806.vb_b_688f609ee9
INSTALLED plugins/git.jpi : 5.7.0
INSTALLED plugins/pipeline-stage-tags-metadata.jpi : 2.2255.v56a_15e805f12
INSTALLED plugins/git-client.jpi : 6.1.3
INSTALLED plugins/pipeline-model-extensions.jpi : 2.2255.v56a_15e805f12
INSTALLED plugins/ssh-credentials.jpi : 355.v9b_e5b_cde5003
INSTALLED plugins/jakarta-activation-api.jpi : 2.1.3-2
INSTALLED plugins/javax-activation-api.jpi : 1.2.0-8
INSTALLED plugins/asm-api.jpi : 9.8-135.vb_2239d08ee90
INSTALLED plugins/dotnet-sdk.jpi : 1.4.0
INSTALLED plugins/caffeine-api.jpi : 3.2.0-166.v72a_6d74b_870f
INSTALLED plugins/durable-task.jpi : 587.v84b_877235b_45
INSTALLED plugins/gson-api.jpi : 2.13.1-139.v4569c2ef303f
INSTALLED plugins/mina-sshd-api-common.jpi : 2.15.0-161.vb_200831a_c15b_
INSTALLED plugins/jaxb.jpi : 2.3.9-133.vb_ec76a_73f706
INSTALLED plugins/mailer.jpi : 489.vd4b_25144138f
INSTALLED plugins/workflow-step-api.jpi : 700.v6e45cb_a_5a_a_21
INSTALLED plugins/workflow-cps.jpi : 4106.v7a_8a_8176d450
INSTALLED plugins/workflow-aggregator.jpi : 608.v67378e9d3db_1
INSTALLED plugins/jakarta-mail-api.jpi : 2.1.3-2
INSTALLED plugins/workflow-job.jpi : 1520.v56d65e3b_4566
INSTALLED plugins/pipeline-groovy-lib.jpi : 752.vdddedf804e72
INSTALLED plugins/pipeline-model-api.jpi : 2.2255.v56a_15e805f12
--- Copied files finished at Fri May 23 10:41:51 UTC 2025
